[2026-04-18T11:35:06] Boot recovery starting for instance 'oanda_paper_oc'. DelaySeconds=90 TimeoutSeconds=120 SkipCompile=True
[2026-04-18T11:35:06] Sleeping for 90 seconds to let the user session and network settle.
[2026-04-18T11:37:35] Recovery script completed. Raw JSON/result follows.
{
    "ranAt":  "2026-04-18T11:37:35",
    "instanceName":  "oanda_paper_oc",
    "instanceLabel":  "Dedicated portable OANDA paper / OpenClaw terminal",
    "pointer":  {
                    "path":  "C:\\Users\\anmar\\.openclaw\\workspace-mt5\\scripts\\..\\mql5\\MQL5",
                    "exists":  true,
                    "raw":  "C:\\MT5_OANDA_PAPER_OC\\MQL5",
                    "normalizedRaw":  "C:\\MT5_OANDA_PAPER_OC\\MQL5",
                    "expected":  "C:\\MT5_OANDA_PAPER_OC\\MQL5",
                    "normalizedExpected":  "C:\\MT5_OANDA_PAPER_OC\\MQL5",
                    "matchesExpected":  true
                },
    "baseline":  {
                     "available":  true,
                     "pointerPath":  "C:\\Users\\anmar\\.openclaw\\workspace-mt5\\scripts\\..\\state\\mt5_recovery_baselines\\oanda_paper_oc\\LATEST.json",
                     "latestSnapshot":  "C:\\Users\\anmar\\.openclaw\\workspace-mt5\\scripts\\..\\state\\mt5_recovery_baselines\\oanda_paper_oc\\20260411_094722",
                     "savedAt":  "2026-04-11T09:47:26"
                 },
    "outcome":  "RECOVERED_PARTIAL_MANUAL_EA_ATTACH_REQUIRED",
    "recommendedNextStep":  "Portable MT5 is up but the EA/profile state is incomplete. Try the baseline-aware recovery path: powershell -ExecutionPolicy Bypass -File scripts\\recover_mt5_after_shutdown.ps1 -InstanceName oanda_paper_oc -TryRestoreBaselineOnMissingEa. If that still fails, confirm File -\u003e Open Data Folder points to C:\\MT5_OANDA_PAPER_OC, attach GrayPaperBridgeEA to a chart, enable Algo Trading, then rerun the health check.",
    "warnings":  [
                     "Restart attempt error: MT5 restarted and the EA loaded, but a fresh GrayPaperBridgeEA init line was not found in expert logs.",
                     "Baseline restore error: MT5 restarted and the EA loaded, but a fresh GrayPaperBridgeEA init line was not found in expert logs."
                 ],
    "beforeInventory":  [

                        ],
    "initialHealth":  {
                          "instanceName":  "oanda_paper_oc",
                          "instanceLabel":  "Dedicated portable OANDA paper / OpenClaw terminal",
                          "terminalExe":  "C:\\MT5_OANDA_PAPER_OC\\terminal64.exe",
                          "dataRoot":  "C:\\MT5_OANDA_PAPER_OC",
                          "mql5Root":  "C:\\MT5_OANDA_PAPER_OC\\MQL5",
                          "bridgeRoot":  "C:\\MT5_OANDA_PAPER_OC\\MQL5\\Files\\gray_bridge",
                          "eaSource":  "C:\\MT5_OANDA_PAPER_OC\\MQL5\\Experts\\Gray\\GrayPaperBridgeEA.mq5",
                          "tradeLog":  "C:\\MT5_OANDA_PAPER_OC\\Logs\\20260418.log",
                          "expertLog":  "C:\\MT5_OANDA_PAPER_OC\\MQL5\\Logs\\20260418.log",
                          "terminalRunning":  false,
                          "runningPidCount":  0,
                          "targetPids":  [

                                         ],
                          "terminalPid":  null,
                          "terminalStartTime":  null,
                          "latestCompileResult":  "Result: 0 errors, 0 warnings, 5005 msec elapsed, cpu=\u0027X64 Regular\u0027",
                          "since":  null,
                          "latestAuthorizedLine":  "JM\t0\t08:32:25.404\tNetwork\t\u002762970600\u0027: authorized on OANDATMS-MT5 through Access Server GCP VM OANDA-EUW (ping: 39.63 ms, build 5430)",
                          "latestSyncLine":  "PR\t0\t08:32:26.346\tNetwork\t\u002762970600\u0027: terminal synchronized with OANDA TMS Brokers S.A.: 2 positions, 0 orders, 1743 symbols, 0 spreads",
                          "latestLoadLine":  "LG\t0\t11:32:47.427\tExperts\texpert GrayPaperBridgeEA (EURGBP.pro,H1) loaded successfully",
                          "latestInitLine":  null,
                          "latestProcessedLine":  null,
                          "latestAuthorizedAt":  "2026-04-18T08:32:25",
                          "latestSyncAt":  "2026-04-18T08:32:26",
                          "latestLoadAt":  "2026-04-18T11:32:47",
                          "latestInitAt":  null,
                          "latestProcessedAt":  null,
                          "authorizedObserved":  true,
                          "synchronizedObserved":  true,
                          "loadObserved":  true,
                          "initObserved":  false,
                          "freshAuthorizedObserved":  true,
                          "freshSynchronizedObserved":  true,
                          "freshLoadObserved":  true,
                          "freshInitObserved":  false,
                          "trailingConfigCount":  2,
                          "inboxCount":  0,
                          "outboxCount":  51,
                          "healthy":  false,
                          "healthySince":  null
                      },
    "actions":  {
                    "restartAttempted":  true,
                    "restartSucceeded":  false,
                    "restartError":  "MT5 restarted and the EA loaded, but a fresh GrayPaperBridgeEA init line was not found in expert logs.",
                    "restartDetails":  null,
                    "baselineAvailable":  true,
                    "baselinePointerPath":  "C:\\Users\\anmar\\.openclaw\\workspace-mt5\\scripts\\..\\state\\mt5_recovery_baselines\\oanda_paper_oc\\LATEST.json",
                    "baselineSnapshotPath":  "C:\\Users\\anmar\\.openclaw\\workspace-mt5\\scripts\\..\\state\\mt5_recovery_baselines\\oanda_paper_oc\\20260411_094722",
                    "baselineRestoreAttempted":  true,
                    "baselineRestoreSucceeded":  false,
                    "baselineRestoreError":  "MT5 restarted and the EA loaded, but a fresh GrayPaperBridgeEA init line was not found in expert logs.",
                    "baselineRestoreDetails":  null,
                    "cleanupAttempted":  false,
                    "cleanupSkippedReason":  "Portable target is not fully healthy; cleanup withheld by guardrail.",
                    "closedFallbackPids":  [

                                           ],
                    "closedDuplicateTargetPids":  [

                                                  ],
                    "cleanupErrors":  [

                                      ],
                    "keptTargetPid":  null
                },
    "healthBeforeCleanup":  {
                                "instanceName":  "oanda_paper_oc",
                                "instanceLabel":  "Dedicated portable OANDA paper / OpenClaw terminal",
                                "terminalExe":  "C:\\MT5_OANDA_PAPER_OC\\terminal64.exe",
                                "dataRoot":  "C:\\MT5_OANDA_PAPER_OC",
                                "mql5Root":  "C:\\MT5_OANDA_PAPER_OC\\MQL5",
                                "bridgeRoot":  "C:\\MT5_OANDA_PAPER_OC\\MQL5\\Files\\gray_bridge",
                                "eaSource":  "C:\\MT5_OANDA_PAPER_OC\\MQL5\\Experts\\Gray\\GrayPaperBridgeEA.mq5",
                                "tradeLog":  "C:\\MT5_OANDA_PAPER_OC\\Logs\\20260418.log",
                                "expertLog":  "C:\\MT5_OANDA_PAPER_OC\\MQL5\\Logs\\20260418.log",
                                "terminalRunning":  true,
                                "runningPidCount":  1,
                                "targetPids":  [
                                                   1416
                                               ],
                                "terminalPid":  1416,
                                "terminalStartTime":  "2026-04-18T11:37:06",
                                "latestCompileResult":  "Result: 0 errors, 0 warnings, 5005 msec elapsed, cpu=\u0027X64 Regular\u0027",
                                "since":  null,
                                "latestAuthorizedLine":  "JM\t0\t08:32:25.404\tNetwork\t\u002762970600\u0027: authorized on OANDATMS-MT5 through Access Server GCP VM OANDA-EUW (ping: 39.63 ms, build 5430)",
                                "latestSyncLine":  "PR\t0\t08:32:26.346\tNetwork\t\u002762970600\u0027: terminal synchronized with OANDA TMS Brokers S.A.: 2 positions, 0 orders, 1743 symbols, 0 spreads",
                                "latestLoadLine":  "NP\t0\t11:37:18.260\tExperts\texpert GrayPaperBridgeEA (EURGBP.pro,H1) loaded successfully",
                                "latestInitLine":  null,
                                "latestProcessedLine":  null,
                                "latestAuthorizedAt":  "2026-04-18T08:32:25",
                                "latestSyncAt":  "2026-04-18T08:32:26",
                                "latestLoadAt":  "2026-04-18T11:37:18",
                                "latestInitAt":  null,
                                "latestProcessedAt":  null,
                                "authorizedObserved":  true,
                                "synchronizedObserved":  true,
                                "loadObserved":  true,
                                "initObserved":  false,
                                "freshAuthorizedObserved":  true,
                                "freshSynchronizedObserved":  true,
                                "freshLoadObserved":  true,
                                "freshInitObserved":  false,
                                "trailingConfigCount":  2,
                                "inboxCount":  0,
                                "outboxCount":  51,
                                "healthy":  false,
                                "healthySince":  null
                            },
    "afterInventory":  [
                           {
                               "pid":  1416,
                               "executablePath":  "C:\\MT5_OANDA_PAPER_OC\\terminal64.exe",
                               "commandLine":  "\"C:\\MT5_OANDA_PAPER_OC\\terminal64.exe\" /portable /profile:Default ",
                               "createdAt":  "04/18/2026 11:37:06",
                               "instanceName":  "oanda_paper_oc",
                               "classification":  "target",
                               "isTarget":  true
                           }
                       ],
    "finalHealth":  {
                        "instanceName":  "oanda_paper_oc",
                        "instanceLabel":  "Dedicated portable OANDA paper / OpenClaw terminal",
                        "terminalExe":  "C:\\MT5_OANDA_PAPER_OC\\terminal64.exe",
                        "dataRoot":  "C:\\MT5_OANDA_PAPER_OC",
                        "mql5Root":  "C:\\MT5_OANDA_PAPER_OC\\MQL5",
                        "bridgeRoot":  "C:\\MT5_OANDA_PAPER_OC\\MQL5\\Files\\gray_bridge",
                        "eaSource":  "C:\\MT5_OANDA_PAPER_OC\\MQL5\\Experts\\Gray\\GrayPaperBridgeEA.mq5",
                        "tradeLog":  "C:\\MT5_OANDA_PAPER_OC\\Logs\\20260418.log",
                        "expertLog":  "C:\\MT5_OANDA_PAPER_OC\\MQL5\\Logs\\20260418.log",
                        "terminalRunning":  true,
                        "runningPidCount":  1,
                        "targetPids":  [
                                           1416
                                       ],
                        "terminalPid":  1416,
                        "terminalStartTime":  "2026-04-18T11:37:06",
                        "latestCompileResult":  "Result: 0 errors, 0 warnings, 5005 msec elapsed, cpu=\u0027X64 Regular\u0027",
                        "since":  null,
                        "latestAuthorizedLine":  "JM\t0\t08:32:25.404\tNetwork\t\u002762970600\u0027: authorized on OANDATMS-MT5 through Access Server GCP VM OANDA-EUW (ping: 39.63 ms, build 5430)",
                        "latestSyncLine":  "PR\t0\t08:32:26.346\tNetwork\t\u002762970600\u0027: terminal synchronized with OANDA TMS Brokers S.A.: 2 positions, 0 orders, 1743 symbols, 0 spreads",
                        "latestLoadLine":  "NP\t0\t11:37:18.260\tExperts\texpert GrayPaperBridgeEA (EURGBP.pro,H1) loaded successfully",
                        "latestInitLine":  null,
                        "latestProcessedLine":  null,
                        "latestAuthorizedAt":  "2026-04-18T08:32:25",
                        "latestSyncAt":  "2026-04-18T08:32:26",
                        "latestLoadAt":  "2026-04-18T11:37:18",
                        "latestInitAt":  null,
                        "latestProcessedAt":  null,
                        "authorizedObserved":  true,
                        "synchronizedObserved":  true,
                        "loadObserved":  true,
                        "initObserved":  false,
                        "freshAuthorizedObserved":  true,
                        "freshSynchronizedObserved":  true,
                        "freshLoadObserved":  true,
                        "freshInitObserved":  false,
                        "trailingConfigCount":  2,
                        "inboxCount":  0,
                        "outboxCount":  51,
                        "healthy":  false,
                        "healthySince":  null
                    }
}

[2026-04-18T11:37:35] Outcome=RECOVERED_PARTIAL_MANUAL_EA_ATTACH_REQUIRED healthy=False healthySince=
